22 행: ssTodaysPlan 컨트롤의 TabDlg.SSTab 클래스는 로드한 컨트롤 클래스가 아닙니다.
60 행: ssRibbonMenu 컨트롤의 TabDlg.SSTab 클래스는 로드한 컨트롤 클래스가 아닙니다.
194 행: tglCalWeekNum 컨트롤의 MSForms.ToggleButton 클래스는 로드한 컨트롤 클래스가 아닙니다.
214 행: tglStatusBar 컨트롤의 MSForms.ToggleButton 클래스는 로드한 컨트롤 클래스가 아닙니다.
235 행: SSTab1 컨트롤의 TabDlg.SSTab 클래스는 로드한 컨트롤 클래스가 아닙니다.
326 행: UpDown1 컨트롤의 ComCtl2.UpDown 클래스는 로드한 컨트롤 클래스가 아닙니다.
645 행: MonthView1 컨트롤의 MSComCtl2.MonthView 클래스는 로드한 컨트롤 클래스가 아닙니다.
28 행: ssTodaysPlan의 _ExtentX 속성 이름이 잘못되었습니다. 
29 행: ssTodaysPlan의 _ExtentY 속성 이름이 잘못되었습니다. 
30 행: ssTodaysPlan의 _Version 속성 이름이 잘못되었습니다. 
31 행: ssTodaysPlan의 Tabs 속성 이름이 잘못되었습니다. 
32 행: ssTodaysPlan의 TabsPerRow 속성 이름이 잘못되었습니다. 
33 행: ssTodaysPlan의 TabHeight 속성 이름이 잘못되었습니다. 
34 행: ssTodaysPlan의 ShowFocusRect 속성 이름이 잘못되었습니다. 
36 행: ssTodaysPlan의 TabCaption(0) 속성 이름이 잘못되었습니다. 
37 행: ssTodaysPlan의 TabPicture(0) 속성 이름이 잘못되었습니다. 
38 행: ssTodaysPlan의 Tab(0).ControlEnabled 속성 이름이 잘못되었습니다. 
39 행: ssTodaysPlan의 Tab(0).Control(0) 속성 이름이 잘못되었습니다. 
40 행: ssTodaysPlan의 Tab(0).Control(0).Enabled 속성 이름이 잘못되었습니다. 
41 행: ssTodaysPlan의 Tab(0).ControlCount 속성 이름이 잘못되었습니다. 
66 행: ssRibbonMenu의 _ExtentX 속성 이름이 잘못되었습니다. 
67 행: ssRibbonMenu의 _ExtentY 속성 이름이 잘못되었습니다. 
68 행: ssRibbonMenu의 _Version 속성 이름이 잘못되었습니다. 
69 행: ssRibbonMenu의 Tabs 속성 이름이 잘못되었습니다. 
70 행: ssRibbonMenu의 TabsPerRow 속성 이름이 잘못되었습니다. 
71 행: ssRibbonMenu의 TabHeight 속성 이름이 잘못되었습니다. 
72 행: ssRibbonMenu의 TabMaxWidth 속성 이름이 잘못되었습니다. 
73 행: ssRibbonMenu의 ShowFocusRect 속성 이름이 잘못되었습니다. 
76 행: ssRibbonMenu의 TabCaption(0) 속성 이름이 잘못되었습니다. 
77 행: ssRibbonMenu의 TabPicture(0) 속성 이름이 잘못되었습니다. 
78 행: ssRibbonMenu의 Tab(0).ControlEnabled 속성 이름이 잘못되었습니다. 
79 행: ssRibbonMenu의 Tab(0).Control(0) 속성 이름이 잘못되었습니다. 
80 행: ssRibbonMenu의 Tab(0).Control(0).Enabled 속성 이름이 잘못되었습니다. 
81 행: ssRibbonMenu의 Tab(0).Control(1) 속성 이름이 잘못되었습니다. 
82 행: ssRibbonMenu의 Tab(0).Control(1).Enabled 속성 이름이 잘못되었습니다. 
83 행: ssRibbonMenu의 Tab(0).Control(2) 속성 이름이 잘못되었습니다. 
84 행: ssRibbonMenu의 Tab(0).Control(2).Enabled 속성 이름이 잘못되었습니다. 
85 행: ssRibbonMenu의 Tab(0).ControlCount 속성 이름이 잘못되었습니다. 
86 행: ssRibbonMenu의 TabCaption(1) 속성 이름이 잘못되었습니다. 
87 행: ssRibbonMenu의 TabPicture(1) 속성 이름이 잘못되었습니다. 
88 행: ssRibbonMenu의 Tab(1).ControlEnabled 속성 이름이 잘못되었습니다. 
89 행: ssRibbonMenu의 Tab(1).Control(0) 속성 이름이 잘못되었습니다. 
90 행: ssRibbonMenu의 Tab(1).Control(1) 속성 이름이 잘못되었습니다. 
91 행: ssRibbonMenu의 Tab(1).ControlCount 속성 이름이 잘못되었습니다. 
92 행: ssRibbonMenu의 TabCaption(2) 속성 이름이 잘못되었습니다. 
93 행: ssRibbonMenu의 TabPicture(2) 속성 이름이 잘못되었습니다. 
94 행: ssRibbonMenu의 Tab(2).ControlEnabled 속성 이름이 잘못되었습니다. 
95 행: ssRibbonMenu의 Tab(2).Control(0) 속성 이름이 잘못되었습니다. 
96 행: ssRibbonMenu의 Tab(2).Control(1) 속성 이름이 잘못되었습니다. 
97 행: ssRibbonMenu의 Tab(2).Control(2) 속성 이름이 잘못되었습니다. 
98 행: ssRibbonMenu의 Tab(2).ControlCount 속성 이름이 잘못되었습니다. 
99 행: ssRibbonMenu의 TabCaption(3) 속성 이름이 잘못되었습니다. 
100 행: ssRibbonMenu의 TabPicture(3) 속성 이름이 잘못되었습니다. 
101 행: ssRibbonMenu의 Tab(3).ControlEnabled 속성 이름이 잘못되었습니다. 
102 행: ssRibbonMenu의 Tab(3).Control(0) 속성 이름이 잘못되었습니다. 
103 행: ssRibbonMenu의 Tab(3).Control(1) 속성 이름이 잘못되었습니다. 
104 행: ssRibbonMenu의 Tab(3).ControlCount 속성 이름이 잘못되었습니다. 
60 행: ssRibbonMenu의 MouseIcon 속성을 설정할 수 없습니다.
203 행: tglCalWeekNum의 DisplayStyle 속성 이름이 잘못되었습니다. 
204 행: tglCalWeekNum의 Size 속성 이름이 잘못되었습니다. 
205 행: tglCalWeekNum의 Value 속성 이름이 잘못되었습니다. 
206 행: tglCalWeekNum의 Caption 속성 이름이 잘못되었습니다. 
209 행: tglCalWeekNum의 FontHeight 속성 이름이 잘못되었습니다. 
210 행: tglCalWeekNum의 FontCharSet 속성 이름이 잘못되었습니다. 
211 행: tglCalWeekNum의 FontPitchAndFamily 속성 이름이 잘못되었습니다. 
212 행: tglCalWeekNum의 ParagraphAlign 속성 이름이 잘못되었습니다. 
194 행: tglCalWeekNum의 Picture 속성을 설정할 수 없습니다.
223 행: tglStatusBar의 DisplayStyle 속성 이름이 잘못되었습니다. 
224 행: tglStatusBar의 Size 속성 이름이 잘못되었습니다. 
225 행: tglStatusBar의 Value 속성 이름이 잘못되었습니다. 
226 행: tglStatusBar의 Caption 속성 이름이 잘못되었습니다. 
229 행: tglStatusBar의 FontHeight 속성 이름이 잘못되었습니다. 
230 행: tglStatusBar의 FontCharSet 속성 이름이 잘못되었습니다. 
231 행: tglStatusBar의 FontPitchAndFamily 속성 이름이 잘못되었습니다. 
232 행: tglStatusBar의 ParagraphAlign 속성 이름이 잘못되었습니다. 
214 행: tglStatusBar의 Picture 속성을 설정할 수 없습니다.
241 행: SSTab1의 _ExtentX 속성 이름이 잘못되었습니다. 
242 행: SSTab1의 _ExtentY 속성 이름이 잘못되었습니다. 
243 행: SSTab1의 _Version 속성 이름이 잘못되었습니다. 
244 행: SSTab1의 TabOrientation 속성 이름이 잘못되었습니다. 
245 행: SSTab1의 TabHeight 속성 이름이 잘못되었습니다. 
246 행: SSTab1의 ShowFocusRect 속성 이름이 잘못되었습니다. 
248 행: SSTab1의 TabCaption(0) 속성 이름이 잘못되었습니다. 
249 행: SSTab1의 TabPicture(0) 속성 이름이 잘못되었습니다. 
250 행: SSTab1의 Tab(0).ControlEnabled 속성 이름이 잘못되었습니다. 
251 행: SSTab1의 Tab(0).Control(0) 속성 이름이 잘못되었습니다. 
252 행: SSTab1의 Tab(0).Control(0).Enabled 속성 이름이 잘못되었습니다. 
253 행: SSTab1의 Tab(0).Control(1) 속성 이름이 잘못되었습니다. 
254 행: SSTab1의 Tab(0).Control(1).Enabled 속성 이름이 잘못되었습니다. 
255 행: SSTab1의 Tab(0).ControlCount 속성 이름이 잘못되었습니다. 
256 행: SSTab1의 TabCaption(1) 속성 이름이 잘못되었습니다. 
257 행: SSTab1의 TabPicture(1) 속성 이름이 잘못되었습니다. 
258 행: SSTab1의 Tab(1).ControlEnabled 속성 이름이 잘못되었습니다. 
259 행: SSTab1의 Tab(1).Control(0) 속성 이름이 잘못되었습니다. 
260 행: SSTab1의 Tab(1).Control(1) 속성 이름이 잘못되었습니다. 
261 행: SSTab1의 Tab(1).Control(2) 속성 이름이 잘못되었습니다. 
262 행: SSTab1의 Tab(1).Control(3) 속성 이름이 잘못되었습니다. 
263 행: SSTab1의 Tab(1).Control(4) 속성 이름이 잘못되었습니다. 
264 행: SSTab1의 Tab(1).Control(5) 속성 이름이 잘못되었습니다. 
265 행: SSTab1의 Tab(1).Control(6) 속성 이름이 잘못되었습니다. 
266 행: SSTab1의 Tab(1).Control(7) 속성 이름이 잘못되었습니다. 
267 행: SSTab1의 Tab(1).Control(8) 속성 이름이 잘못되었습니다. 
268 행: SSTab1의 Tab(1).ControlCount 속성 이름이 잘못되었습니다. 
269 행: SSTab1의 TabCaption(2) 속성 이름이 잘못되었습니다. 
270 행: SSTab1의 TabPicture(2) 속성 이름이 잘못되었습니다. 
271 행: SSTab1의 Tab(2).ControlEnabled 속성 이름이 잘못되었습니다. 
272 행: SSTab1의 Tab(2).Control(0) 속성 이름이 잘못되었습니다. 
273 행: SSTab1의 Tab(2).Control(1) 속성 이름이 잘못되었습니다. 
274 행: SSTab1의 Tab(2).Control(2) 속성 이름이 잘못되었습니다. 
275 행: SSTab1의 Tab(2).Control(3) 속성 이름이 잘못되었습니다. 
276 행: SSTab1의 Tab(2).Control(4) 속성 이름이 잘못되었습니다. 
277 행: SSTab1의 Tab(2).Control(5) 속성 이름이 잘못되었습니다. 
278 행: SSTab1의 Tab(2).ControlCount 속성 이름이 잘못되었습니다. 
332 행: UpDown1의 _ExtentX 속성 이름이 잘못되었습니다. 
333 행: UpDown1의 _ExtentY 속성 이름이 잘못되었습니다. 
334 행: UpDown1의 _Version 속성 이름이 잘못되었습니다. 
335 행: UpDown1의 BuddyControl 속성 이름이 잘못되었습니다. 
336 행: UpDown1의 BuddyDispid 속성 이름이 잘못되었습니다. 
337 행: UpDown1의 OrigLeft 속성 이름이 잘못되었습니다. 
338 행: UpDown1의 OrigTop 속성 이름이 잘못되었습니다. 
339 행: UpDown1의 OrigRight 속성 이름이 잘못되었습니다. 
340 행: UpDown1의 OrigBottom 속성 이름이 잘못되었습니다. 
341 행: UpDown1의 Increment 속성 이름이 잘못되었습니다. 
342 행: UpDown1의 Max 속성 이름이 잘못되었습니다. 
343 행: UpDown1의 SyncBuddy 속성 이름이 잘못되었습니다. 
344 행: UpDown1의 BuddyProperty 속성 이름이 잘못되었습니다. 
651 행: MonthView1의 _ExtentX 속성 이름이 잘못되었습니다. 
652 행: MonthView1의 _ExtentY 속성 이름이 잘못되었습니다. 
653 행: MonthView1의 _Version 속성 이름이 잘못되었습니다. 
657 행: MonthView1의 MonthColumns 속성 이름이 잘못되었습니다. 
658 행: MonthView1의 MonthRows 속성 이름이 잘못되었습니다. 
659 행: MonthView1의 StartOfWeek 속성 이름이 잘못되었습니다. 
660 행: MonthView1의 CurrentDate 속성 이름이 잘못되었습니다. 
